2026-07-19T20:19:34.388+07:00  INFO 19860 --- [vaadinerp] [main] com.vaadinerp.Application                : Starting Application using Java 21.0.11 with PID 19860 (D:\PROJECT GMN\vaadinerp\target\classes started by Lenovo in D:\PROJECT GMN\vaadinerp)
2026-07-19T20:19:34.415+07:00  INFO 19860 --- [vaadinerp] [main] com.vaadinerp.Application                : The following 1 profile is active: "dev"
2026-07-19T20:19:36.731+07:00  INFO 19860 --- [vaadinerp] [main] .s.d.r.c.RepositoryConfigurationDelegate : Bootstrapping Spring Data JPA repositories in DEFAULT mode.
2026-07-19T20:19:37.264+07:00  INFO 19860 --- [vaadinerp] [main] .s.d.r.c.RepositoryConfigurationDelegate : Finished Spring Data repository scanning in 523 ms. Found 14 JPA repository interfaces.
2026-07-19T20:19:39.028+07:00  INFO 19860 --- [vaadinerp] [main] o.s.b.w.embedded.tomcat.TomcatWebServer  : Tomcat initialized with port 8080 (http)
2026-07-19T20:19:39.057+07:00  INFO 19860 --- [vaadinerp] [main] o.apache.catalina.core.StandardService   : Starting service [Tomcat]
2026-07-19T20:19:39.057+07:00  INFO 19860 --- [vaadinerp] [main] o.apache.catalina.core.StandardEngine    : Starting Servlet engine: [Apache Tomcat/10.1.24]
2026-07-19T20:19:39.246+07:00  INFO 19860 --- [vaadinerp] [main] o.a.c.c.C.[Tomcat].[localhost].[/]       : Initializing Spring embedded WebApplicationContext
2026-07-19T20:19:39.247+07:00  INFO 19860 --- [vaadinerp] [main] w.s.c.ServletWebServerApplicationContext : Root WebApplicationContext: initialization completed in 4395 ms
2026-07-19T20:19:39.267+07:00  WARN 19860 --- [vaadinerp] [main] c.v.f.s.VaadinServletContextInitializer  : vaadin.whitelisted-packages is deprecated and may not be supported in the future. Use vaadin.allowed-packages instead.
2026-07-19T20:19:43.557+07:00  INFO 19860 --- [vaadinerp] [main] c.v.f.s.VaadinServletContextInitializer  : Search for subclasses and classes with annotations took 2469 ms
2026-07-19T20:19:43.931+07:00  INFO 19860 --- [vaadinerp] [main] c.v.b.d.startup.DevModeStartupListener   : Starting dev-mode updaters in D:\PROJECT GMN\vaadinerp folder.
2026-07-19T20:19:44.030+07:00  INFO 19860 --- [vaadinerp] [main] c.v.f.s.f.s.FullDependenciesScanner      : Visited 129 classes. Took 52 ms.
2026-07-19T20:19:44.036+07:00  INFO 19860 --- [vaadinerp] [main] c.v.f.s.frontend.BundleValidationUtil    : Checking if a development mode bundle build is needed
2026-07-19T20:19:44.523+07:00  INFO 19860 --- [vaadinerp] [main] c.v.f.s.frontend.BundleValidationUtil    : A development mode bundle build is not needed
2026-07-19T20:19:44.584+07:00  INFO 19860 --- [vaadinerp] [vaadin-dev-server-1] c.v.f.s.frontend.TaskCopyFrontendFiles   : Copying frontend resources from jar files ...
2026-07-19T20:19:44.687+07:00  INFO 19860 --- [vaadinerp] [vaadin-dev-server-1] c.v.f.s.frontend.TaskCopyFrontendFiles   : Visited 19 resources. Took 101 ms.
2026-07-19T20:19:44.905+07:00  INFO 19860 --- [vaadinerp] [main] o.hibernate.jpa.internal.util.LogHelper  : HHH000204: Processing PersistenceUnitInfo [name: default]
2026-07-19T20:19:45.061+07:00  INFO 19860 --- [vaadinerp] [main] org.hibernate.Version                    : HHH000412: Hibernate ORM core version 6.5.2.Final
2026-07-19T20:19:45.123+07:00  INFO 19860 --- [vaadinerp] [main] o.h.c.internal.RegionFactoryInitiator    : HHH000026: Second-level cache disabled
2026-07-19T20:19:45.741+07:00  INFO 19860 --- [vaadinerp] [main] o.s.o.j.p.SpringPersistenceUnitInfo      : No LoadTimeWeaver setup: ignoring JPA class transformer
2026-07-19T20:19:45.801+07:00  INFO 19860 --- [vaadinerp] [main] com.zaxxer.hikari.HikariDataSource       : VaadinErpHikariPool - Starting...
2026-07-19T20:19:46.100+07:00  INFO 19860 --- [vaadinerp] [main] com.zaxxer.hikari.pool.HikariPool        : VaadinErpHikariPool - Added connection org.postgresql.jdbc.PgConnection@69f01f4b
2026-07-19T20:19:46.109+07:00  INFO 19860 --- [vaadinerp] [main] com.zaxxer.hikari.HikariDataSource       : VaadinErpHikariPool - Start completed.
2026-07-19T20:19:46.222+07:00  WARN 19860 --- [vaadinerp] [main] org.hibernate.orm.deprecation            : HHH90000025: PostgreSQLDialect does not need to be specified explicitly using 'hibernate.dialect' (remove the property setting and it will be selected by default)
2026-07-19T20:19:49.123+07:00  INFO 19860 --- [vaadinerp] [main] o.h.e.t.j.p.i.JtaPlatformInitiator       : HHH000489: No JTA platform available (set 'hibernate.transaction.jta.platform' to enable JTA platform integration)
2026-07-19T20:19:49.364+07:00  INFO 19860 --- [vaadinerp] [main] j.LocalContainerEntityManagerFactoryBean : Initialized JPA EntityManagerFactory for persistence unit 'default'
2026-07-19T20:19:51.539+07:00  WARN 19860 --- [vaadinerp] [main] JpaBaseConfiguration$JpaWebConfiguration : spring.jpa.open-in-view is enabled by default. Therefore, database queries may be performed during view rendering. Explicitly configure spring.jpa.open-in-view to disable this warning
2026-07-19T20:19:52.905+07:00  INFO 19860 --- [vaadinerp] [main] o.s.b.a.e.web.EndpointLinksResolver      : Exposing 3 endpoints beneath base path '/actuator'
2026-07-19T20:19:53.039+07:00  INFO 19860 --- [vaadinerp] [main] org.atmosphere.cpr.AtmosphereFramework   : Installed AtmosphereHandler com.vaadin.flow.server.communication.PushAtmosphereHandler mapped to context-path: /*
2026-07-19T20:19:53.039+07:00  INFO 19860 --- [vaadinerp] [main] org.atmosphere.cpr.AtmosphereFramework   : Installed the following AtmosphereInterceptor mapped to AtmosphereHandler com.vaadin.flow.server.communication.PushAtmosphereHandler
2026-07-19T20:19:53.103+07:00  INFO 19860 --- [vaadinerp] [main] org.atmosphere.cpr.AtmosphereFramework   : Atmosphere is using org.atmosphere.util.VoidAnnotationProcessor for processing annotation
2026-07-19T20:19:53.118+07:00  INFO 19860 --- [vaadinerp] [main] org.atmosphere.util.ForkJoinPool         : Using ForkJoinPool  java.util.concurrent.ForkJoinPool. Set the org.atmosphere.cpr.broadcaster.maxAsyncWriteThreads to -1 to fully use its power.
2026-07-19T20:19:53.130+07:00  INFO 19860 --- [vaadinerp] [main] org.atmosphere.cpr.AtmosphereFramework   : Installed WebSocketProtocol org.atmosphere.websocket.protocol.SimpleHttpProtocol 
2026-07-19T20:19:53.135+07:00  INFO 19860 --- [vaadinerp] [main] o.a.container.JSR356AsyncSupport         : JSR 356 Mapping path /VAADIN/push
2026-07-19T20:19:53.145+07:00  INFO 19860 --- [vaadinerp] [main] org.atmosphere.cpr.AtmosphereFramework   : Installing Default AtmosphereInterceptors
2026-07-19T20:19:53.151+07:00  INFO 19860 --- [vaadinerp] [main] org.atmosphere.cpr.AtmosphereFramework   : 	org.atmosphere.interceptor.CorsInterceptor : CORS Interceptor Support
2026-07-19T20:19:53.151+07:00  INFO 19860 --- [vaadinerp] [main] org.atmosphere.cpr.AtmosphereFramework   : 	org.atmosphere.interceptor.CacheHeadersInterceptor : Default Response's Headers Interceptor
2026-07-19T20:19:53.151+07:00  INFO 19860 --- [vaadinerp] [main] org.atmosphere.cpr.AtmosphereFramework   : 	org.atmosphere.interceptor.PaddingAtmosphereInterceptor : Browser Padding Interceptor Support
2026-07-19T20:19:53.151+07:00  INFO 19860 --- [vaadinerp] [main] org.atmosphere.cpr.AtmosphereFramework   : 	org.atmosphere.interceptor.AndroidAtmosphereInterceptor : Android Interceptor Support
2026-07-19T20:19:53.151+07:00  INFO 19860 --- [vaadinerp] [main] org.atmosphere.cpr.AtmosphereFramework   : 	org.atmosphere.interceptor.HeartbeatInterceptor : Heartbeat Interceptor Support
2026-07-19T20:19:53.151+07:00  INFO 19860 --- [vaadinerp] [main] org.atmosphere.cpr.AtmosphereFramework   : 	org.atmosphere.interceptor.SSEAtmosphereInterceptor : SSE Interceptor Support
2026-07-19T20:19:53.156+07:00  INFO 19860 --- [vaadinerp] [main] org.atmosphere.cpr.AtmosphereFramework   : 	org.atmosphere.interceptor.JSONPAtmosphereInterceptor : JSONP Interceptor Support
2026-07-19T20:19:53.156+07:00  INFO 19860 --- [vaadinerp] [main] org.atmosphere.cpr.AtmosphereFramework   : 	org.atmosphere.interceptor.JavaScriptProtocol : Atmosphere JavaScript Protocol
2026-07-19T20:19:53.156+07:00  INFO 19860 --- [vaadinerp] [main] org.atmosphere.cpr.AtmosphereFramework   : 	org.atmosphere.interceptor.WebSocketMessageSuspendInterceptor : org.atmosphere.interceptor.WebSocketMessageSuspendInterceptor
2026-07-19T20:19:53.156+07:00  INFO 19860 --- [vaadinerp] [main] org.atmosphere.cpr.AtmosphereFramework   : 	org.atmosphere.interceptor.OnDisconnectInterceptor : Browser disconnection detection
2026-07-19T20:19:53.156+07:00  INFO 19860 --- [vaadinerp] [main] org.atmosphere.cpr.AtmosphereFramework   : 	org.atmosphere.interceptor.IdleResourceInterceptor : org.atmosphere.interceptor.IdleResourceInterceptor
2026-07-19T20:19:53.160+07:00  INFO 19860 --- [vaadinerp] [main] org.atmosphere.cpr.AtmosphereFramework   : Set org.atmosphere.cpr.AtmosphereInterceptor.disableDefaults to disable them.
2026-07-19T20:19:53.160+07:00  INFO 19860 --- [vaadinerp] [main] org.atmosphere.cpr.AtmosphereFramework   : Installed AtmosphereInterceptor CORS Interceptor Support with priority FIRST_BEFORE_DEFAULT 
2026-07-19T20:19:53.161+07:00  INFO 19860 --- [vaadinerp] [main] org.atmosphere.cpr.AtmosphereFramework   : Installed AtmosphereInterceptor Default Response's Headers Interceptor with priority AFTER_DEFAULT 
2026-07-19T20:19:53.161+07:00  INFO 19860 --- [vaadinerp] [main] org.atmosphere.cpr.AtmosphereFramework   : Installed AtmosphereInterceptor Browser Padding Interceptor Support with priority AFTER_DEFAULT 
2026-07-19T20:19:53.161+07:00  INFO 19860 --- [vaadinerp] [main] org.atmosphere.cpr.AtmosphereFramework   : Installed AtmosphereInterceptor Android Interceptor Support with priority AFTER_DEFAULT 
2026-07-19T20:19:53.162+07:00  INFO 19860 --- [vaadinerp] [main] o.a.interceptor.HeartbeatInterceptor     : HeartbeatInterceptor configured with padding value 'X', client frequency 0 seconds and server frequency 60 seconds
2026-07-19T20:19:53.162+07:00  INFO 19860 --- [vaadinerp] [main] org.atmosphere.cpr.AtmosphereFramework   : Installed AtmosphereInterceptor Heartbeat Interceptor Support with priority AFTER_DEFAULT 
2026-07-19T20:19:53.162+07:00  INFO 19860 --- [vaadinerp] [main] org.atmosphere.cpr.AtmosphereFramework   : Installed AtmosphereInterceptor SSE Interceptor Support with priority AFTER_DEFAULT 
2026-07-19T20:19:53.162+07:00  INFO 19860 --- [vaadinerp] [main] org.atmosphere.cpr.AtmosphereFramework   : Installed AtmosphereInterceptor JSONP Interceptor Support with priority AFTER_DEFAULT 
2026-07-19T20:19:53.162+07:00  INFO 19860 --- [vaadinerp] [main] org.atmosphere.cpr.AtmosphereFramework   : Installed AtmosphereInterceptor Atmosphere JavaScript Protocol with priority AFTER_DEFAULT 
2026-07-19T20:19:53.162+07:00  INFO 19860 --- [vaadinerp] [main] org.atmosphere.cpr.AtmosphereFramework   : Installed AtmosphereInterceptor org.atmosphere.interceptor.WebSocketMessageSuspendInterceptor with priority AFTER_DEFAULT 
2026-07-19T20:19:53.162+07:00  INFO 19860 --- [vaadinerp] [main] org.atmosphere.cpr.AtmosphereFramework   : Installed AtmosphereInterceptor Browser disconnection detection with priority AFTER_DEFAULT 
2026-07-19T20:19:53.162+07:00  INFO 19860 --- [vaadinerp] [main] org.atmosphere.cpr.AtmosphereFramework   : Installed AtmosphereInterceptor org.atmosphere.interceptor.IdleResourceInterceptor with priority BEFORE_DEFAULT 
2026-07-19T20:19:53.162+07:00  INFO 19860 --- [vaadinerp] [main] org.atmosphere.cpr.AtmosphereFramework   : Using EndpointMapper class org.atmosphere.util.DefaultEndpointMapper
2026-07-19T20:19:53.162+07:00  INFO 19860 --- [vaadinerp] [main] org.atmosphere.cpr.AtmosphereFramework   : Using BroadcasterCache: org.atmosphere.cache.UUIDBroadcasterCache
2026-07-19T20:19:53.162+07:00  INFO 19860 --- [vaadinerp] [main] org.atmosphere.cpr.AtmosphereFramework   : Default Broadcaster Class: org.atmosphere.cpr.DefaultBroadcaster
2026-07-19T20:19:53.162+07:00  INFO 19860 --- [vaadinerp] [main] org.atmosphere.cpr.AtmosphereFramework   : Broadcaster Shared List Resources: false
2026-07-19T20:19:53.162+07:00  INFO 19860 --- [vaadinerp] [main] org.atmosphere.cpr.AtmosphereFramework   : Broadcaster Polling Wait Time 100
2026-07-19T20:19:53.162+07:00  INFO 19860 --- [vaadinerp] [main] org.atmosphere.cpr.AtmosphereFramework   : Shared ExecutorService supported: true
2026-07-19T20:19:53.162+07:00  INFO 19860 --- [vaadinerp] [main] org.atmosphere.cpr.AtmosphereFramework   : Messaging ExecutorService Pool Size unavailable - Not instance of ThreadPoolExecutor
2026-07-19T20:19:53.162+07:00  INFO 19860 --- [vaadinerp] [main] org.atmosphere.cpr.AtmosphereFramework   : Async I/O Thread Pool Size: 200
2026-07-19T20:19:53.167+07:00  INFO 19860 --- [vaadinerp] [main] org.atmosphere.cpr.AtmosphereFramework   : Using BroadcasterFactory: org.atmosphere.cpr.DefaultBroadcasterFactory
2026-07-19T20:19:53.167+07:00  INFO 19860 --- [vaadinerp] [main] org.atmosphere.cpr.AtmosphereFramework   : Using AtmosphereResurceFactory: org.atmosphere.cpr.DefaultAtmosphereResourceFactory
2026-07-19T20:19:53.167+07:00  INFO 19860 --- [vaadinerp] [main] org.atmosphere.cpr.AtmosphereFramework   : Using WebSocketProcessor: org.atmosphere.websocket.DefaultWebSocketProcessor
2026-07-19T20:19:53.167+07:00  INFO 19860 --- [vaadinerp] [main] org.atmosphere.cpr.AtmosphereFramework   : Invoke AtmosphereInterceptor on WebSocket message true
2026-07-19T20:19:53.167+07:00  INFO 19860 --- [vaadinerp] [main] org.atmosphere.cpr.AtmosphereFramework   : HttpSession supported: true
2026-07-19T20:19:53.167+07:00  INFO 19860 --- [vaadinerp] [main] org.atmosphere.cpr.AtmosphereFramework   : Atmosphere is using org.atmosphere.inject.InjectableObjectFactory for dependency injection and object creation
2026-07-19T20:19:53.167+07:00  INFO 19860 --- [vaadinerp] [main] org.atmosphere.cpr.AtmosphereFramework   : Atmosphere is using async support: org.atmosphere.container.JSR356AsyncSupport running under container: Apache Tomcat/10.1.24 using jakarta.servlet/3.0 and jsr356/WebSocket API
2026-07-19T20:19:53.167+07:00  INFO 19860 --- [vaadinerp] [main] org.atmosphere.cpr.AtmosphereFramework   : Atmosphere Framework 3.0.5.slf4jvaadin1 started.
2026-07-19T20:19:53.175+07:00  INFO 19860 --- [vaadinerp] [main] org.atmosphere.cpr.AtmosphereFramework   : Installed AtmosphereInterceptor  Track Message Size Interceptor using | with priority BEFORE_DEFAULT 
2026-07-19T20:19:53.264+07:00  INFO 19860 --- [vaadinerp] [main] c.v.f.s.DefaultDeploymentConfiguration   : 
Vaadin is running in DEVELOPMENT mode - do not use for production deployments.
2026-07-19T20:19:53.306+07:00  INFO 19860 --- [vaadinerp] [main] c.vaadin.flow.spring.SpringInstantiator  : The number of beans implementing 'I18NProvider' is 0. Cannot use Spring beans for I18N, falling back to the default behavior
2026-07-19T20:19:53.346+07:00  INFO 19860 --- [vaadinerp] [main] c.v.config.CustomSystemMessagesConfig    : Menginisialisasi Custom System Messages & Reconnect Configuration...
2026-07-19T20:19:53.372+07:00  INFO 19860 --- [vaadinerp] [http-nio-8080-exec-1] o.a.c.c.C.[Tomcat].[localhost].[/]       : Initializing Spring DispatcherServlet 'dispatcherServlet'
2026-07-19T20:19:53.372+07:00  INFO 19860 --- [vaadinerp] [http-nio-8080-exec-1] o.s.web.servlet.DispatcherServlet        : Initializing Servlet 'dispatcherServlet'
2026-07-19T20:19:53.372+07:00  INFO 19860 --- [vaadinerp] [http-nio-8080-exec-1] o.s.web.servlet.DispatcherServlet        : Completed initialization in 0 ms
2026-07-19T20:19:53.387+07:00  INFO 19860 --- [vaadinerp] [main] o.s.b.w.embedded.tomcat.TomcatWebServer  : Tomcat started on port 8080 (http) with context path '/'
2026-07-19T20:19:53.405+07:00  INFO 19860 --- [vaadinerp] [main] com.vaadinerp.Application                : Started Application in 19.66 seconds (process running for 20.502)
2026-07-19T20:19:53.539+07:00  INFO 19860 --- [vaadinerp] [main] c.v.b.d.DevModeHandlerManagerImpl        : Application running at http://localhost:8080/
